/home/cad/cadence-xcelium-18.09.001/tools.lnx86/inca/bin/64bit/xmsim
Obtained 36 stack frames.
/home/cad/cadence-xcelium-18.09.001/tools.lnx86/inca/bin/64bit/../../../lib/64bit/libcbreakpad.so(_Z13use_backtracev+0x9d) [0x7fce3ac40239]
/home/cad/cadence-xcelium-18.09.001/tools.lnx86/inca/bin/64bit/../../../lib/64bit/libcbreakpad.so(cbpad_generate_dump_on_demand+0x66) [0x7fce3ac40555]
xmsim() [0x1365392]
xmsim(serror+0x95) [0x13660e5]
xmsim() [0x134cc8a]
/lib64/libpthread.so.0(+0xf5d0) [0x7fce3bcf15d0]
xmsim() [0x4a582a]
xmsim() [0x134c089]
xmsim() [0x134cc13]
/lib64/libpthread.so.0(+0xf5d0) [0x7fce3bcf15d0]
/lib64/libc.so.6(__select+0x13) [0x7fce3af6bf53]
xmsim() [0x1838a36]
xmsim() [0x18464c7]
xmsim() [0x1846b7c]
xmsim() [0x184f6a2]
xmsim() [0x1850125]
xmsim() [0x18503f4]
xmsim() [0x186d6d9]
xmsim() [0x186ecad]
xmsim() [0x18680ac]
xmsim() [0x1868209]
xmsim() [0x186556c]
xmsim() [0x18660a7]
xmsim() [0x186617e]
xmsim() [0x18f4241]
xmsim() [0x102f420]
xmsim() [0x102f822]
xmsim() [0x490dff]
xmsim() [0x490e9e]
xmsim() [0x491a7b]
xmsim() [0x493a97]
xmsim() [0x49d9e0]
xmsim(ncmain+0x9c) [0x497318]
xmsim(main+0x10) [0x1b6b580]
/lib64/libc.so.6(__libc_start_main+0xf5) [0x7fce3ae993d5]
xmsim() [0x439971]
