/home/cad/cadence-xcelium-18.09.001/tools.lnx86/inca/bin/64bit/xmsim
Obtained 40 stack frames.
/home/cad/cadence-xcelium-18.09.001/tools.lnx86/inca/bin/64bit/../../../lib/64bit/libcbreakpad.so(_Z13use_backtracev+0x9d) [0x7fd4a42be239]
/home/cad/cadence-xcelium-18.09.001/tools.lnx86/inca/bin/64bit/../../../lib/64bit/libcbreakpad.so(cbpad_generate_dump_on_demand+0x66) [0x7fd4a42be555]
xmsim() [0x1365392]
xmsim(serror+0x95) [0x13660e5]
xmsim() [0x134cc8a]
/lib64/libpthread.so.0(+0xf5d0) [0x7fd4a536f5d0]
xmsim() [0x4a582a]
xmsim() [0x134c089]
xmsim() [0x134cc13]
/lib64/libpthread.so.0(+0xf5d0) [0x7fd4a536f5d0]
/lib64/libc.so.6(__select+0x13) [0x7fd4a45e9f53]
xmsim() [0x18c34fa]
xmsim() [0x189a499]
xmsim() [0x189ae4c]
xmsim() [0x18c0702]
xmsim() [0x18c0b79]
xmsim() [0x18c0c10]
xmsim() [0x18c0c2e]
xmsim() [0x185a802]
xmsim() [0x186dc14]
xmsim() [0x186ecad]
xmsim() [0x18680ac]
xmsim() [0x1868209]
xmsim() [0x186556c]
xmsim() [0x18663f4]
xmsim() [0x1877b47]
xmsim() [0x1877fe5]
xmsim() [0x18f1a42]
xmsim() [0x102ec67]
xmsim() [0x492283]
xmsim() [0x492c87]
xmsim() [0x490d32]
xmsim() [0x490e9e]
xmsim() [0x491a7b]
xmsim() [0x493a97]
xmsim() [0x49d9e0]
xmsim(ncmain+0x9c) [0x497318]
xmsim(main+0x10) [0x1b6b580]
/lib64/libc.so.6(__libc_start_main+0xf5) [0x7fd4a45173d5]
xmsim() [0x439971]
